<?xml version="1.0" encoding="UTF-8"?>
<!-- Generated by org.testng.reporters.JUnitReportReporter -->
<testsuite hostname="PF4A59NC" failures="0" tests="4" name="TestNgAttributes.Priority_Attribute" time="3.571" errors="0" timestamp="2025-03-12T19:06:33 IST" skipped="0">
  <testcase classname="TestNgAttributes.Priority_Attribute" name="enterUserName" time="0.427"/>
  <testcase classname="TestNgAttributes.Priority_Attribute" name="enterPassword" time="0.093"/>
  <testcase classname="TestNgAttributes.Priority_Attribute" name="clickLogin" time="0.070"/>
  <testcase classname="TestNgAttributes.Priority_Attribute" name="clickAdminTab" time="2.981"/>
</testsuite> <!-- TestNgAttributes.Priority_Attribute -->
