<?xml version="1.0" encoding="UTF-8"?>
<!-- Generated by org.testng.reporters.JUnitReportReporter -->
<testsuite hostname="PF4A59NC" failures="0" tests="4" name="TestNgAttributes.Timeout_Attribute" time="4.436" errors="0" timestamp="2025-03-12T19:08:09 IST" skipped="0">
  <testcase classname="TestNgAttributes.Timeout_Attribute" name="enterUserName" time="0.439"/>
  <testcase classname="TestNgAttributes.Timeout_Attribute" name="enterPassword" time="0.095"/>
  <testcase classname="TestNgAttributes.Timeout_Attribute" name="clickLogin" time="0.066"/>
  <testcase classname="TestNgAttributes.Timeout_Attribute" name="clickAdminTab" time="3.836"/>
</testsuite> <!-- TestNgAttributes.Timeout_Attribute -->
