<?xml version="1.0" encoding="UTF-8"?>
<!-- Generated by org.testng.reporters.JUnitReportReporter -->
<testsuite hostname="PF4A59NC" failures="0" tests="4" name="TestNg.TC_2_ClickAdminTab" time="3.202" errors="0" timestamp="2025-03-10T19:34:09 IST" skipped="0">
  <testcase classname="TestNg.TC_2_ClickAdminTab" name="enterUserName" time="0.413"/>
  <testcase classname="TestNg.TC_2_ClickAdminTab" name="enterPassword" time="0.131"/>
  <testcase classname="TestNg.TC_2_ClickAdminTab" name="clickLogin" time="1.254"/>
  <testcase classname="TestNg.TC_2_ClickAdminTab" name="clickAdminTab" time="1.404"/>
</testsuite> <!-- TestNg.TC_2_ClickAdminTab -->
