<?xml version="1.0" encoding="UTF-8"?>
<!-- Generated by org.testng.reporters.JUnitReportReporter -->
<testsuite hostname="PF4A59NC" failures="0" tests="5" name="Tests.TC_LoginAndLogout" time="3.807" errors="0" timestamp="2025-03-14T19:23:12 IST" skipped="0">
  <testcase classname="Tests.TC_LoginAndLogout" name="enterUserName" time="0.391"/>
  <testcase classname="Tests.TC_LoginAndLogout" name="enterPassword" time="0.083"/>
  <testcase classname="Tests.TC_LoginAndLogout" name="clickLogin" time="1.263"/>
  <testcase classname="Tests.TC_LoginAndLogout" name="clickUserDropdown" time="0.473"/>
  <testcase classname="Tests.TC_LoginAndLogout" name="clickLogoutTab" time="1.597"/>
</testsuite> <!-- Tests.TC_LoginAndLogout -->
