<?xml version="1.0" encoding="UTF-8"?>
<!-- Generated by org.testng.reporters.JUnitReportReporter -->
<testsuite hostname="PF4A59NC" failures="0" tests="3" name="TestNg.TC_3_LoginToOrangeHRM" time="3.575" errors="0" timestamp="2025-03-11T19:13:47 IST" skipped="0">
  <testcase classname="TestNg.TC_3_LoginToOrangeHRM" name="enterUserName" time="2.119"/>
  <testcase classname="TestNg.TC_3_LoginToOrangeHRM" name="enterPassword" time="0.110"/>
  <testcase classname="TestNg.TC_3_LoginToOrangeHRM" name="clickLogin" time="1.346"/>
</testsuite> <!-- TestNg.TC_3_LoginToOrangeHRM -->
