<?xml version="1.0" encoding="UTF-8"?>
<!-- Generated by org.testng.reporters.JUnitReportReporter -->
<testsuite hostname="PF4A59NC" failures="0" tests="3" name="TestNg.TC_4_DataProviders" time="79.365" errors="0" timestamp="2025-03-11T19:34:20 IST" skipped="0">
  <testcase classname="TestNg.TC_4_DataProviders" name="enterCredentails" time="22.827"/>
  <testcase classname="TestNg.TC_4_DataProviders" name="enterCredentails" time="6.782"/>
  <testcase classname="TestNg.TC_4_DataProviders" name="enterCredentails" time="49.756"/>
</testsuite> <!-- TestNg.TC_4_DataProviders -->
