<?xml version="1.0" encoding="UTF-8"?>
<!-- Generated by org.testng.reporters.JUnitReportReporter -->
<testsuite hostname="PF4A59NC" failures="0" tests="3" name="Tests.TC_LoginTest" time="0.712" errors="0" timestamp="2025-03-13T19:25:45 IST" skipped="0">
  <testcase classname="Tests.TC_LoginTest" name="enterUserName" time="0.558"/>
  <testcase classname="Tests.TC_LoginTest" name="enterPassword" time="0.086"/>
  <testcase classname="Tests.TC_LoginTest" name="clickLogin" time="0.068"/>
</testsuite> <!-- Tests.TC_LoginTest -->
