<?xml version="1.0" encoding="UTF-8"?>
<!-- Generated by org.testng.reporters.JUnitReportReporter -->
<testsuite hostname="PF4A59NC" failures="0" tests="5" name="TestNgAssertion.SoftAssertion_Example" time="24.735" errors="0" timestamp="2025-03-12T19:53:43 IST" skipped="0">
  <testcase classname="TestNgAssertion.SoftAssertion_Example" name="verifyTitle" time="20.365"/>
  <testcase classname="TestNgAssertion.SoftAssertion_Example" name="enterUserName" time="1.572"/>
  <testcase classname="TestNgAssertion.SoftAssertion_Example" name="enterPassword" time="0.103"/>
  <testcase classname="TestNgAssertion.SoftAssertion_Example" name="clickLogin" time="1.105"/>
  <testcase classname="TestNgAssertion.SoftAssertion_Example" name="clickAdminTab" time="1.590"/>
</testsuite> <!-- TestNgAssertion.SoftAssertion_Example -->
