<?xml version="1.0" encoding="UTF-8"?>
<!-- Generated by org.testng.reporters.JUnitReportReporter -->
<testsuite hostname="PF4A59NC" failures="0" tests="13" name="TestNgAttributes.InvocationCount_Attribute" time="14.161" errors="0" timestamp="2025-03-12T19:12:41 IST" skipped="0">
  <testcase classname="TestNgAttributes.InvocationCount_Attribute" name="enterUserName" time="0.441"/>
  <testcase classname="TestNgAttributes.InvocationCount_Attribute" name="enterPassword" time="0.087"/>
  <testcase classname="TestNgAttributes.InvocationCount_Attribute" name="clickLogin" time="0.074"/>
  <testcase classname="TestNgAttributes.InvocationCount_Attribute" name="clickAdminTab" time="1.097"/>
  <testcase classname="TestNgAttributes.InvocationCount_Attribute" name="clickAdminTab" time="1.122"/>
  <testcase classname="TestNgAttributes.InvocationCount_Attribute" name="clickAdminTab" time="1.141"/>
  <testcase classname="TestNgAttributes.InvocationCount_Attribute" name="clickAdminTab" time="1.065"/>
  <testcase classname="TestNgAttributes.InvocationCount_Attribute" name="clickAdminTab" time="1.447"/>
  <testcase classname="TestNgAttributes.InvocationCount_Attribute" name="clickAdminTab" time="1.105"/>
  <testcase classname="TestNgAttributes.InvocationCount_Attribute" name="clickAdminTab" time="2.611"/>
  <testcase classname="TestNgAttributes.InvocationCount_Attribute" name="clickAdminTab" time="1.065"/>
  <testcase classname="TestNgAttributes.InvocationCount_Attribute" name="clickAdminTab" time="1.826"/>
  <testcase classname="TestNgAttributes.InvocationCount_Attribute" name="clickAdminTab" time="1.080"/>
</testsuite> <!-- TestNgAttributes.InvocationCount_Attribute -->
