<?xml version="1.0" encoding="UTF-8"?>
<!-- Generated by org.testng.reporters.JUnitReportReporter -->
<testsuite hostname="PF4A59NC" failures="0" tests="3" name="TestNgAttributes.DataProvider_Attribute" time="0.755" errors="0" timestamp="2025-03-12T19:04:53 IST" skipped="0">
  <testcase classname="TestNgAttributes.DataProvider_Attribute" name="enterCredentails" time="0.504"/>
  <testcase classname="TestNgAttributes.DataProvider_Attribute" name="enterCredentails" time="0.137"/>
  <testcase classname="TestNgAttributes.DataProvider_Attribute" name="enterCredentails" time="0.114"/>
</testsuite> <!-- TestNgAttributes.DataProvider_Attribute -->
