<?xml version="1.0" encoding="UTF-8"?>
<!-- Generated by org.testng.reporters.JUnitReportReporter -->
<testsuite hostname="PF4A59NC" failures="0" tests="4" name="TestNgAttributes.Description_Attribute" time="3.371" errors="0" timestamp="2025-03-12T19:11:02 IST" skipped="0">
  <testcase classname="TestNgAttributes.Description_Attribute" name="enterUserName" time="0.413"/>
  <testcase classname="TestNgAttributes.Description_Attribute" name="enterPassword" time="0.089"/>
  <testcase classname="TestNgAttributes.Description_Attribute" name="clickLogin" time="0.068"/>
  <testcase classname="TestNgAttributes.Description_Attribute" name="clickAdminTab" time="2.801"/>
</testsuite> <!-- TestNgAttributes.Description_Attribute -->
