<?xml version="1.0" encoding="UTF-8"?>
<!-- Generated by org.testng.reporters.JUnitReportReporter -->
<testsuite hostname="PF4A59NC" failures="0" tests="3" name="Listeners.TC_LoginTest" time="0.874" errors="0" timestamp="2025-03-13T19:41:02 IST" skipped="0">
  <testcase classname="Listeners.TC_LoginTest" name="enterUserName" time="0.679"/>
  <testcase classname="Listeners.TC_LoginTest" name="enterPassword" time="0.102"/>
  <testcase classname="Listeners.TC_LoginTest" name="clickLogin" time="0.093"/>
</testsuite> <!-- Listeners.TC_LoginTest -->
