<?xml version="1.0" encoding="UTF-8"?>
<!-- Generated by org.testng.reporters.JUnitReportReporter -->
<testsuite hostname="PF4A59NC" failures="0" tests="4" name="TestNgScreenshots.TC_1LoginToOrangeHRM_Chrome" time="12.065" errors="0" timestamp="2025-03-12T19:26:00 IST" skipped="0">
  <testcase classname="TestNgScreenshots.TC_1LoginToOrangeHRM_Chrome" name="enterUserName" time="2.708"/>
  <testcase classname="TestNgScreenshots.TC_1LoginToOrangeHRM_Chrome" name="enterPassword" time="3.969"/>
  <testcase classname="TestNgScreenshots.TC_1LoginToOrangeHRM_Chrome" name="clickLogin" time="0.096"/>
  <testcase classname="TestNgScreenshots.TC_1LoginToOrangeHRM_Chrome" name="clickAdminTab" time="5.292"/>
</testsuite> <!-- TestNgScreenshots.TC_1LoginToOrangeHRM_Chrome -->
