<?xml version="1.0" encoding="UTF-8"?>
<!-- Generated by org.testng.reporters.JUnitReportReporter -->
<testsuite hostname="PF4A59NC" failures="0" tests="4" name="TestNgAttributes.Enabled_Attribute" time="0.588" errors="0" timestamp="2025-03-12T19:09:19 IST" skipped="1">
  <testcase classname="TestNgAttributes.Enabled_Attribute" name="enterUserName" time="0.445"/>
  <testcase classname="TestNgAttributes.Enabled_Attribute" name="enterPassword" time="0.074"/>
  <testcase classname="TestNgAttributes.Enabled_Attribute" name="clickLogin" time="0.069"/>
  <testcase classname="TestNgAttributes.Enabled_Attribute" name="clickAdminTab">
    <skipped/>
  </testcase> <!-- clickAdminTab -->
</testsuite> <!-- TestNgAttributes.Enabled_Attribute -->
