<?xml version="1.0" encoding="UTF-8"?>
<!-- Generated by org.testng.reporters.JUnitReportReporter -->
<testsuite hostname="PF4A59NC" failures="0" tests="2" name="ExtentReports.ExtentReportExample2" time="1.592" errors="0" timestamp="2025-03-14T19:33:17 IST" skipped="0">
  <testcase classname="ExtentReports.ExtentReportExample2" name="loginToOrangeHRM" time="1.576"/>
  <testcase classname="ExtentReports.ExtentReportExample2" name="clickLogout" time="0.016"/>
</testsuite> <!-- ExtentReports.ExtentReportExample2 -->
