<?xml version="1.0" encoding="UTF-8"?>
<!-- Generated by org.testng.reporters.JUnitReportReporter -->
<testsuite hostname="PF4A59NC" failures="0" tests="5" name="TestNgAssertion.HardAssertion_Example3" time="26.164" errors="0" timestamp="2025-03-12T19:47:13 IST" skipped="0">
  <testcase classname="TestNgAssertion.HardAssertion_Example3" name="verifyTitle" time="0.049"/>
  <testcase classname="TestNgAssertion.HardAssertion_Example3" name="enterUserName" time="22.053"/>
  <testcase classname="TestNgAssertion.HardAssertion_Example3" name="enterPassword" time="2.285"/>
  <testcase classname="TestNgAssertion.HardAssertion_Example3" name="clickLogin" time="0.115"/>
  <testcase classname="TestNgAssertion.HardAssertion_Example3" name="clickAdminTab" time="1.662"/>
</testsuite> <!-- TestNgAssertion.HardAssertion_Example3 -->
