<?xml version="1.0" encoding="UTF-8"?>
<!-- Generated by org.testng.reporters.JUnitReportReporter -->
<testsuite hostname="PF4A59NC" failures="0" tests="4" name="TestNgScreenshots.TC_1LoginToOrangeHRM_Edge" time="3.286" errors="0" timestamp="2025-03-12T19:28:32 IST" skipped="0">
  <testcase classname="TestNgScreenshots.TC_1LoginToOrangeHRM_Edge" name="enterUserName" time="0.478"/>
  <testcase classname="TestNgScreenshots.TC_1LoginToOrangeHRM_Edge" name="enterPassword" time="0.178"/>
  <testcase classname="TestNgScreenshots.TC_1LoginToOrangeHRM_Edge" name="clickLogin" time="0.071"/>
  <testcase classname="TestNgScreenshots.TC_1LoginToOrangeHRM_Edge" name="clickAdminTab" time="2.559"/>
</testsuite> <!-- TestNgScreenshots.TC_1LoginToOrangeHRM_Edge -->
