<?xml version="1.0" encoding="UTF-8"?>
<!-- Generated by org.testng.reporters.JUnitReportReporter -->
<testsuite hostname="PF4A59NC" failures="0" tests="3" name="TestNg.TC_1LoginToOrangeHRM_Edge" time="3.617" errors="0" timestamp="2025-03-12T19:34:00 IST" skipped="0">
  <testcase classname="TestNg.TC_1LoginToOrangeHRM_Edge" name="enterUserName" time="2.416"/>
  <testcase classname="TestNg.TC_1LoginToOrangeHRM_Edge" name="enterPassword" time="0.086"/>
  <testcase classname="TestNg.TC_1LoginToOrangeHRM_Edge" name="clickLogin" time="1.115"/>
</testsuite> <!-- TestNg.TC_1LoginToOrangeHRM_Edge -->
