<?xml version="1.0" encoding="UTF-8"?>
<!-- Generated by org.testng.reporters.JUnitReportReporter -->
<testsuite hostname="PF4A59NC" failures="0" tests="4" name="TestNgAttributes.DependsOnMethod_Attribute" time="3.092" errors="0" timestamp="2025-03-12T19:16:11 IST" skipped="0">
  <testcase classname="TestNgAttributes.DependsOnMethod_Attribute" name="enterUserName" time="0.425"/>
  <testcase classname="TestNgAttributes.DependsOnMethod_Attribute" name="enterPassword" time="0.090"/>
  <testcase classname="TestNgAttributes.DependsOnMethod_Attribute" name="clickAdminTab" time="2.516"/>
  <testcase classname="TestNgAttributes.DependsOnMethod_Attribute" name="clickLogin" time="0.061"/>
</testsuite> <!-- TestNgAttributes.DependsOnMethod_Attribute -->
