<?xml version="1.0" encoding="UTF-8"?>
<!-- Generated by org.testng.reporters.JUnitReportReporter -->
<testsuite hostname="PF4A59NC" failures="0" tests="3" name="TestNg.TC_1LoginToOrangeHRM_Chrome" time="1.726" errors="0" timestamp="2025-03-12T19:34:00 IST" skipped="0">
  <testcase classname="TestNg.TC_1LoginToOrangeHRM_Chrome" name="enterUserName" time="0.438"/>
  <testcase classname="TestNg.TC_1LoginToOrangeHRM_Chrome" name="enterPassword" time="0.079"/>
  <testcase classname="TestNg.TC_1LoginToOrangeHRM_Chrome" name="clickLogin" time="1.209"/>
</testsuite> <!-- TestNg.TC_1LoginToOrangeHRM_Chrome -->
