<?xml version="1.0" encoding="UTF-8"?>
<!-- Generated by org.testng.reporters.JUnitReportReporter -->
<testsuite hostname="PF4A59NC" failures="0" tests="3" name="TestNg.TC_1LoginToOrangeHRM" time="36.240" errors="0" timestamp="2025-03-10T19:29:33 IST" skipped="0">
  <testcase classname="TestNg.TC_1LoginToOrangeHRM" name="enterUserName" time="18.822"/>
  <testcase classname="TestNg.TC_1LoginToOrangeHRM" name="enterPassword" time="9.749"/>
  <testcase classname="TestNg.TC_1LoginToOrangeHRM" name="clickLogin" time="7.669"/>
</testsuite> <!-- TestNg.TC_1LoginToOrangeHRM -->
