<?xml version="1.0" encoding="UTF-8"?>
<!-- Generated by org.testng.reporters.JUnitReportReporter -->
<testsuite hostname="PF4A59NC" failures="0" tests="3" name="Tests.TC_ForgotYourPasswordTest" time="12.847" errors="0" timestamp="2025-03-13T19:33:14 IST" skipped="0">
  <testcase classname="Tests.TC_ForgotYourPasswordTest" name="clickForgotYourPasswordLink" time="1.071"/>
  <testcase classname="Tests.TC_ForgotYourPasswordTest" name="enterUserName" time="3.722"/>
  <testcase classname="Tests.TC_ForgotYourPasswordTest" name="clickCaneclButton" time="8.054"/>
</testsuite> <!-- Tests.TC_ForgotYourPasswordTest -->
