<?xml version="1.0" encoding="UTF-8"?>
<!-- Generated by org.testng.reporters.JUnitReportReporter -->
<testsuite hostname="PF4A59NC" failures="0" tests="5" name="TestNgAssertion.HardAssertion_Example" time="28.064" errors="0" timestamp="2025-03-12T19:43:52 IST" skipped="0">
  <testcase classname="TestNgAssertion.HardAssertion_Example" name="verifyTitle" time="22.056"/>
  <testcase classname="TestNgAssertion.HardAssertion_Example" name="enterUserName" time="1.989"/>
  <testcase classname="TestNgAssertion.HardAssertion_Example" name="enterPassword" time="0.110"/>
  <testcase classname="TestNgAssertion.HardAssertion_Example" name="clickLogin" time="1.173"/>
  <testcase classname="TestNgAssertion.HardAssertion_Example" name="clickAdminTab" time="2.736"/>
</testsuite> <!-- TestNgAssertion.HardAssertion_Example -->
